#
# A fatal error has been detected by the Java Runtime Environment:
#
#  EXCEPTION_ACCESS_VIOLATION (0xc0000005) at pc=0x7a2985b2, pid=4516, tid=4276
#
# JRE version: 6.0_17-b04
# Java VM: Java HotSpot(TM) Client VM (14.3-b01 mixed mode windows-x86 )
# Problematic frame:
# C  [m_dispatcher.dll+0x85b2]
#
# If you would like to submit a bug report, please visit:
#   http://java.sun.com/webapps/bugreport/crash.jsp
# The crash happened outside the Java Virtual Machine in native code.
# See problematic frame for where to report the bug.
#

---------------  T H R E A D  ---------------

Current thread (0x02d5f000):  JavaThread "main" [_thread_in_native, id=4276, stack(0x00430000,0x00c30000)]

siginfo: ExceptionCode=0xc0000005, reading address 0x04244cfb

Registers:
EAX=0x7c9032bc, EBX=0x00000001, ECX=0x04244c8b, EDX=0x00000000
ESP=0x00c2f31c, EBP=0x00c2f330, ESI=0x0dc91d70, EDI=0x00000000
EIP=0x7a2985b2, EFLAGS=0x00010202

Top of Stack: (sp=0x00c2f31c)
0x00c2f31c:   7aa68029 00000001 00000000 00000001
0x00c2f32c:   ffffffff 00c2f384 7aa680d3 00c2f478
0x00c2f33c:   00000001 25bde92c 00c2f370 00000000
0x00c2f34c:   25bde8e0 00000000 00c2f414 00c2f420
0x00c2f35c:   7a02ce35 02d5f110 00000000 02d5f110
0x00c2f36c:   78cc5064 00000000 00c2f348 00c2f3fc
0x00c2f37c:   7aabecaa ffffffff 00c2f408 7aa627d8
0x00c2f38c:   00000000 25bde94c 00000001 25bde92c 

Instructions: (pc=0x7a2985b2)
0x7a2985a2:   50 02 00 00 85 c0 74 1c 8d 9b 00 00 00 00 8b 08
0x7a2985b2:   80 79 70 00 74 07 85 c0 74 0a 8b c1 c3 8b 40 04 


Stack: [0x00430000,0x00c30000],  sp=0x00c2f31c,  free space=8188k
Native frames: (J=compiled Java code, j=interpreted, Vv=VM code, C=native code)
C  [m_dispatcher.dll+0x85b2]
C  [m_interpreter.dll+0xa80d3]
C  [m_interpreter.dll+0xa27d8]
C  [m_interpreter.dll+0xc8954]
C  [nativejmi.dll+0x375a]
C  [nativejmi.dll+0x40c8]
C  [nativejmi.dll+0x46fa]
C  [nativejmi.dll+0xd27d]
C  [nativejmi.dll+0xd343]
j  com.mathworks.jmi.NativeMatlab.SendMatlabMessage(Ljava/lang/Object;)Ljava/lang/Object;+0
j  com.mathworks.jmi.NativeMatlab.sendMatlabMessage(Ljava/lang/Object;)Ljava/lang/Object;+22
j  com.mathworks.jmi.MatlabLooper.sendMatlabMessage(Lcom/mathworks/services/message/MWMessage;)Ljava/lang/Object;+20
j  com.mathworks.jmi.Matlab.mtFevalConsoleOutput(Ljava/lang/String;[Ljava/lang/Object;I)Ljava/lang/Object;+58
j  com.mathworks.mde.desk.MLDesktop$8.run()V+14
J  com.mathworks.jmi.NativeMatlab.dispatchMTRequests(Z)V
v  ~StubRoutines::call_stub
V  [jvm.dll+0xecf9c]
V  [jvm.dll+0x1741d1]
V  [jvm.dll+0xed01d]
V  [jvm.dll+0xf5be5]
V  [jvm.dll+0xfd932]
C  [jmi.dll+0x10392]
C  [jmi.dll+0x160f4]
C  [jmi.dll+0x16167]
C  [jmi.dll+0x31e6e]
C  [jmi.dll+0x316d6]
C  [uiw.dll+0x48e81]
C  [uiw.dll+0x4942f]
C  [USER32.dll+0x21923]
C  [USER32.dll+0x1b317]
C  [USER32.dll+0x178d0]
C  [ntdll.dll+0xe473]
C  [uiw.dll+0x1e684]
C  [uiw.dll+0x1e6df]
C  [uiw.dll+0x4a545]
C  [libuij.dll+0x21b07]
C  [libuij.dll+0x221da]
C  [libuij.dll+0x23183]
C  [libuij.dll+0x23a43]
C  [libuij.dll+0x23c36]
C  [libuij.dll+0x23d24]
C  [libuij.dll+0x23ea2]
C  [mcr.dll+0x14e3a]
C  [mcr.dll+0x1506d]
C  [mcr.dll+0x1531c]
C  [mcr.dll+0x15a4c]
C  [MATLAB.exe+0x6202]
C  [MATLAB.exe+0x62c5]
C  [MATLAB.exe+0x638d]
C  [MATLAB.exe+0x6834]
C  [kernel32.dll+0x17077]

Java frames: (J=compiled Java code, j=interpreted, Vv=VM code)
j  com.mathworks.jmi.NativeMatlab.SendMatlabMessage(Ljava/lang/Object;)Ljava/lang/Object;+0
j  com.mathworks.jmi.NativeMatlab.sendMatlabMessage(Ljava/lang/Object;)Ljava/lang/Object;+22
j  com.mathworks.jmi.MatlabLooper.sendMatlabMessage(Lcom/mathworks/services/message/MWMessage;)Ljava/lang/Object;+20
j  com.mathworks.jmi.Matlab.mtFevalConsoleOutput(Ljava/lang/String;[Ljava/lang/Object;I)Ljava/lang/Object;+58
j  com.mathworks.mde.desk.MLDesktop$8.run()V+14
J  com.mathworks.jmi.NativeMatlab.dispatchMTRequests(Z)V
v  ~StubRoutines::call_stub

---------------  P R O C E S S  ---------------

Java Threads: ( => current thread )
  0x0a5d6800 JavaThread "FileDecorationCache request queue" [_thread_blocked, id=5028, stack(0x20850000,0x208d0000)]
  0x0a63c400 JavaThread "Thread-83" [_thread_in_native, id=2932, stack(0x03d00000,0x03d80000)]
  0x06890800 JavaThread "Thread-77" [_thread_blocked, id=4440, stack(0x0fc40000,0x0fcc0000)]
  0x0b267400 JavaThread "Timer-InstrumentReadWritePoll" [_thread_blocked, id=900, stack(0x0fbc0000,0x0fc40000)]
  0x0dfa2c00 JavaThread "Prefs Updater" daemon [_thread_blocked, id=2296, stack(0x0f330000,0x0f3b0000)]
  0x0dfb6400 JavaThread "RequestQueue for GenericFileList" [_thread_blocked, id=5476, stack(0x0fac0000,0x0fb40000)]
  0x0dee5800 JavaThread "Code Analyzer updating thread" [_thread_blocked, id=2468, stack(0x0ee50000,0x0eed0000)]
  0x0aff0800 JavaThread "Code Analyzer updating thread" [_thread_blocked, id=5316, stack(0x0ddd0000,0x0de50000)]
  0x0b368000 JavaThread "Code Analyzer updating thread" [_thread_blocked, id=2940, stack(0x0dd50000,0x0ddd0000)]
  0x0b320400 JavaThread "Code Analyzer updating thread" [_thread_blocked, id=5216, stack(0x0d8d0000,0x0d950000)]
  0x0abcb800 JavaThread "Active Reference Queue Daemon" daemon [_thread_blocked, id=5468, stack(0x0d7d0000,0x0d850000)]
  0x0b22a400 JavaThread "Timer-5" daemon [_thread_blocked, id=2780, stack(0x0d740000,0x0d7c0000)]
  0x0b2fbc00 JavaThread "Timer-4" daemon [_thread_blocked, id=6056, stack(0x0d6a0000,0x0d720000)]
  0x0b1c9c00 JavaThread "Timer-1" [_thread_blocked, id=5628, stack(0x0d5a0000,0x0d620000)]
  0x0b0b2800 JavaThread "FelixPackageAdmin" daemon [_thread_blocked, id=5972, stack(0x0bd40000,0x0bdc0000)]
  0x0b0bd800 JavaThread "FelixStartLevel" daemon [_thread_blocked, id=5976, stack(0x0bcc0000,0x0bd40000)]
  0x0b0b8400 JavaThread "FelixDispatchQueue" daemon [_thread_blocked, id=3284, stack(0x0bc40000,0x0bcc0000)]
  0x0afd1c00 JavaThread "TimerQueue" daemon [_thread_blocked, id=4584, stack(0x0bad0000,0x0bb50000)]
  0x0ae7c000 JavaThread "AWT-EventQueue-0" [_thread_blocked, id=616, stack(0x0ba40000,0x0bac0000)]
  0x0a56f800 JavaThread "Timer-0" [_thread_blocked, id=5152, stack(0x0a850000,0x0a8d0000)]
  0x0a561c00 JavaThread "AWT-Windows" daemon [_thread_in_native, id=4940, stack(0x0a7d0000,0x0a850000)]
  0x0a560800 JavaThread "AWT-Shutdown" [_thread_blocked, id=5208, stack(0x0a750000,0x0a7d0000)]
  0x0a56c400 JavaThread "Java2D Disposer" daemon [_thread_blocked, id=3212, stack(0x0a6d0000,0x0a750000)]
  0x0a4ff400 JavaThread "JMI Unnamed Thread" [_thread_in_native, id=2424, stack(0x06070000,0x06870000)]
  0x06903800 JavaThread "Low Memory Detector" daemon [_thread_blocked, id=5292, stack(0x09c50000,0x09cd0000)]
  0x06901400 JavaThread "CompilerThread0" daemon [_thread_blocked, id=5200, stack(0x09450000,0x09c50000)]
  0x068ffc00 JavaThread "Attach Listener" daemon [_thread_blocked, id=4924, stack(0x093d0000,0x09450000)]
  0x068ef800 JavaThread "Finalizer" daemon [_thread_blocked, id=1688, stack(0x09350000,0x093d0000)]
  0x068eb000 JavaThread "Reference Handler" daemon [_thread_blocked, id=5008, stack(0x092d0000,0x09350000)]
=>0x02d5f000 JavaThread "main" [_thread_in_native, id=4276, stack(0x00430000,0x00c30000)]

Other Threads:
  0x068e8000 VMThread [stack: 0x08ad0000,0x092d0000] [id=2772]
  0x0690e400 WatcherThread [stack: 0x09cd0000,0x0a4d0000] [id=4528]

VM state:not at safepoint (normal execution)

VM Mutex/Monitor currently owned by a thread: None

Heap
 def new generation   total 29504K, used 22005K [0x10050000, 0x12050000, 0x12050000)
  eden space 26240K,  80% used [0x10050000, 0x114e97f0, 0x119f0000)
  from space 3264K,  27% used [0x11d20000, 0x11e03f18, 0x12050000)
  to   space 3264K,   0% used [0x119f0000, 0x119f0000, 0x11d20000)
 tenured generation   total 98304K, used 43170K [0x12050000, 0x18050000, 0x18050000)
   the space 98304K,  43% used [0x12050000, 0x14a78a18, 0x14a78c00, 0x18050000)
 compacting perm gen  total 38144K, used 37945K [0x18050000, 0x1a590000, 0x1c050000)
   the space 38144K,  99% used [0x18050000, 0x1a55e5b8, 0x1a55e600, 0x1a590000)
No shared spaces configured.

Dynamic libraries:
0x00400000 - 0x00424000 	C:\Program Files\MATLAB\R2010b\bin\win32\MATLAB.exe
0x7c900000 - 0x7c9b2000 	C:\WINDOWS\system32\ntdll.dll
0x7c800000 - 0x7c8f6000 	C:\WINDOWS\system32\kernel32.dll
0x7bc20000 - 0x7bcd1000 	C:\Program Files\MATLAB\R2010b\bin\win32\libut.dll
0x10000000 - 0x10045000 	C:\Program Files\MATLAB\R2010b\bin\win32\libmwi18n.dll
0x00260000 - 0x0026e000 	C:\Program Files\MATLAB\R2010b\bin\win32\boost_date_time-vc80-mt-1_40.dll
0x7c420000 - 0x7c4a7000 	C:\WINDOWS\WinSxS\x86_Microsoft.VC80.CRT_1fc8b3b9a1e18e3b_8.0.50727.4053_x-ww_e6967989\MSVCP80.dll
0x78130000 - 0x781cb000 	C:\WINDOWS\WinSxS\x86_Microsoft.VC80.CRT_1fc8b3b9a1e18e3b_8.0.50727.4053_x-ww_e6967989\MSVCR80.dll
0x77c10000 - 0x77c68000 	C:\WINDOWS\system32\msvcrt.dll
0x00280000 - 0x00293000 	C:\Program Files\MATLAB\R2010b\bin\win32\boost_filesystem-vc80-mt-1_40.dll
0x002b0000 - 0x002b7000 	C:\Program Files\MATLAB\R2010b\bin\win32\boost_system-vc80-mt-1_40.dll
0x002d0000 - 0x002de000 	C:\Program Files\MATLAB\R2010b\bin\win32\boost_thread-vc80-mt-1_40.dll
0x7c2e0000 - 0x7c2ff000 	C:\Program Files\MATLAB\R2010b\bin\win32\LIBEXPAT.dll
0x7b930000 - 0x7ba44000 	C:\Program Files\MATLAB\R2010b\bin\win32\icuin42.dll
0x7c070000 - 0x7c163000 	C:\Program Files\MATLAB\R2010b\bin\win32\icuuc42.dll
0x77dd0000 - 0x77e6b000 	C:\WINDOWS\system32\ADVAPI32.dll
0x77e70000 - 0x77f03000 	C:\WINDOWS\system32\RPCRT4.dll
0x77fe0000 - 0x77ff1000 	C:\WINDOWS\system32\Secur32.dll
0x00c30000 - 0x01b78000 	C:\Program Files\MATLAB\R2010b\bin\win32\icudt42.dll
0x787e0000 - 0x78898000 	C:\Program Files\MATLAB\R2010b\bin\win32\libmwfl.dll
0x76c90000 - 0x76cb8000 	C:\WINDOWS\system32\imagehlp.dll
0x76bf0000 - 0x76bfb000 	C:\WINDOWS\system32\PSAPI.DLL
0x00330000 - 0x003cb000 	C:\Program Files\MATLAB\R2010b\bin\win32\boost_regex-vc80-mt-1_40.dll
0x7e410000 - 0x7e4a1000 	C:\WINDOWS\system32\USER32.dll
0x77f10000 - 0x77f59000 	C:\WINDOWS\system32\GDI32.dll
0x003e0000 - 0x003ef000 	C:\Program Files\MATLAB\R2010b\bin\win32\boost_signals-vc80-mt-1_40.dll
0x7b7a0000 - 0x7b7ac000 	C:\Program Files\MATLAB\R2010b\bin\win32\icuio42.dll
0x7bd40000 - 0x7bf5c000 	C:\Program Files\MATLAB\R2010b\bin\win32\libmwservices.dll
0x7bce0000 - 0x7bd31000 	C:\Program Files\MATLAB\R2010b\bin\win32\libmx.dll
0x78cf0000 - 0x78d03000 	C:\Program Files\MATLAB\R2010b\bin\win32\zlib1.dll
0x7bf60000 - 0x7c065000 	C:\Program Files\MATLAB\R2010b\bin\win32\libmwmathutil.dll
0x7a110000 - 0x7a14b000 	C:\Program Files\MATLAB\R2010b\bin\win32\mpath.dll
0x01bd0000 - 0x01d32000 	C:\Program Files\MATLAB\R2010b\bin\win32\mlutil.dll
0x7d300000 - 0x7d35d000 	C:\Program Files\MATLAB\R2010b\bin\win32\xmlcore.dll
0x799d0000 - 0x79b92000 	C:\Program Files\MATLAB\R2010b\bin\win32\xerces-c_2_7.dll
0x71ab0000 - 0x71ac7000 	C:\WINDOWS\system32\WS2_32.dll
0x71aa0000 - 0x71aa8000 	C:\WINDOWS\system32\WS2HELP.dll
0x7c9c0000 - 0x7d1d7000 	C:\WINDOWS\system32\SHELL32.dll
0x77f60000 - 0x77fd6000 	C:\WINDOWS\system32\SHLWAPI.dll
0x01d70000 - 0x01e0a000 	C:\WINDOWS\system32\COMCTL32.dll
0x763b0000 - 0x763f9000 	C:\WINDOWS\system32\comdlg32.dll
0x01e10000 - 0x01e65000 	C:\WINDOWS\system32\NETAPI32.dll
0x01e70000 - 0x01e9e000 	C:\Program Files\MATLAB\R2010b\bin\win32\tbb.dll
0x7a3c0000 - 0x7a435000 	C:\Program Files\MATLAB\R2010b\bin\win32\mcr.dll
0x7b7b0000 - 0x7b81a000 	C:\Program Files\MATLAB\R2010b\bin\win32\iqm.dll
0x7a9c0000 - 0x7ae71000 	C:\Program Files\MATLAB\R2010b\bin\win32\m_interpreter.dll
0x7b830000 - 0x7b83c000 	C:\Program Files\MATLAB\R2010b\bin\win32\libmex.dll
0x7a290000 - 0x7a2f9000 	C:\Program Files\MATLAB\R2010b\bin\win32\m_dispatcher.dll
0x7a1a0000 - 0x7a1f7000 	C:\Program Files\MATLAB\R2010b\bin\win32\profiler.dll
0x7b890000 - 0x7b8b2000 	C:\Program Files\MATLAB\R2010b\bin\win32\libmwmathrng.dll
0x78c60000 - 0x78c72000 	C:\Program Files\MATLAB\R2010b\bin\win32\m_pcodeio.dll
0x7a0d0000 - 0x7a107000 	C:\Program Files\MATLAB\R2010b\bin\win32\m_ir.dll
0x7a4c0000 - 0x7a9c0000 	C:\Program Files\MATLAB\R2010b\bin\win32\m_parser.dll
0x7b820000 - 0x7b82e000 	C:\Program Files\MATLAB\R2010b\bin\win32\ir_xfmr.dll
0x788a0000 - 0x78a0f000 	C:\Program Files\MATLAB\R2010b\bin\win32\mcos.dll
0x7b8d0000 - 0x7b8da000 	C:\Program Files\MATLAB\R2010b\bin\win32\mtok.dll
0x78c40000 - 0x78c56000 	C:\Program Files\MATLAB\R2010b\bin\win32\m_pcodegen.dll
0x78300000 - 0x78337000 	C:\Program Files\MATLAB\R2010b\bin\win32\libmwspmatrix.dll
0x78340000 - 0x78360000 	C:\Program Files\MATLAB\R2010b\bin\win32\libmwbridge.dll
0x7b480000 - 0x7b504000 	C:\Program Files\MATLAB\R2010b\bin\win32\udd.dll
0x7c170000 - 0x7c273000 	C:\Program Files\MATLAB\R2010b\bin\win32\libmwgui.dll
0x78d50000 - 0x79222000 	C:\Program Files\MATLAB\R2010b\bin\win32\hg.dll
0x78bc0000 - 0x78bf6000 	C:\Program Files\MATLAB\R2010b\bin\win32\libmat.dll
0x7ba50000 - 0x7bc19000 	C:\Program Files\MATLAB\R2010b\bin\win32\libhdf5.dll
0x7a020000 - 0x7a075000 	C:\Program Files\MATLAB\R2010b\bin\win32\jmi.dll
0x79cf0000 - 0x79d1a000 	C:\Program Files\MATLAB\R2010b\bin\win32\libmwhardcopy.dll
0x7a080000 - 0x7a0c1000 	C:\Program Files\MATLAB\R2010b\bin\win32\libuij.dll
0x786a0000 - 0x787d0000 	C:\Program Files\MATLAB\R2010b\bin\win32\hgdatatypes.dll
0x78630000 - 0x7869b000 	C:\Program Files\MATLAB\R2010b\bin\win32\hgutils.dll
0x78c00000 - 0x78c34000 	C:\Program Files\MATLAB\R2010b\bin\win32\libmwlapack.dll
0x7b850000 - 0x7b85e000 	C:\Program Files\MATLAB\R2010b\bin\win32\libmwbinder.dll
0x7b510000 - 0x7b796000 	C:\Program Files\MATLAB\R2010b\bin\win32\uiw.dll
0x7b920000 - 0x7b929000 	C:\Program Files\MATLAB\R2010b\bin\win32\uinone.dll
0x781d0000 - 0x782e0000 	C:\WINDOWS\WinSxS\x86_Microsoft.VC80.MFC_1fc8b3b9a1e18e3b_8.0.50727.4053_x-ww_b77cec8e\MFC80.DLL
0x73000000 - 0x73026000 	C:\WINDOWS\system32\WINSPOOL.DRV
0x774e0000 - 0x7761e000 	C:\WINDOWS\system32\ole32.dll
0x77120000 - 0x771ab000 	C:\WINDOWS\system32\OLEAUT32.dll
0x7a440000 - 0x7a4b7000 	C:\Program Files\MATLAB\R2010b\bin\win32\udd_mi.dll
0x78c80000 - 0x78c93000 	C:\Program Files\MATLAB\R2010b\bin\win32\mwoles05.DLL
0x7a150000 - 0x7a19a000 	C:\Program Files\MATLAB\R2010b\bin\win32\comcli.dll
0x7c630000 - 0x7c64b000 	C:\WINDOWS\WinSxS\x86_Microsoft.VC80.ATL_1fc8b3b9a1e18e3b_8.0.50727.4053_x-ww_473666fd\ATL80.DLL
0x7b8c0000 - 0x7b8cb000 	C:\Program Files\MATLAB\R2010b\bin\win32\mlautoregister.dll
0x76390000 - 0x763ad000 	C:\WINDOWS\system32\IMM32.DLL
0x773d0000 - 0x774d3000 	C:\WINDOWS\WinSxS\x86_Microsoft.Windows.Common-Controls_6595b64144ccf1df_6.0.2600.6028_x-ww_61e65202\comctl32.dll
0x028f0000 - 0x028fe000 	C:\WINDOWS\WinSxS\x86_Microsoft.VC80.MFCLOC_1fc8b3b9a1e18e3b_8.0.50727.4053_x-ww_0ccc058c\MFC80ENU.DLL
0x02b30000 - 0x02b68000 	C:\WINDOWS\system32\uxtheme.dll
0x74720000 - 0x7476c000 	C:\WINDOWS\system32\MSCTF.dll
0x755c0000 - 0x755ee000 	C:\WINDOWS\system32\msctfime.ime
0x74290000 - 0x74294000 	C:\WINDOWS\system32\icmp.Dll
0x76d60000 - 0x76d79000 	C:\WINDOWS\system32\iphlpapi.dll
0x71a50000 - 0x71a8f000 	C:\WINDOWS\System32\mswsock.dll
0x76f20000 - 0x76f47000 	C:\WINDOWS\system32\DNSAPI.dll
0x76fb0000 - 0x76fb8000 	C:\WINDOWS\System32\winrnr.dll
0x76f60000 - 0x76f8c000 	C:\WINDOWS\system32\WLDAP32.dll
0x02ca0000 - 0x02ca8000 	C:\Program Files\National Instruments\Shared\mDNS Responder\nimdnsNSP.dll
0x02cc0000 - 0x02cc9000 	C:\WINDOWS\system32\nimdnsResponder.dll
0x78520000 - 0x785c3000 	C:\WINDOWS\WinSxS\x86_Microsoft.VC90.CRT_1fc8b3b9a1e18e3b_9.0.30729.4148_x-ww_d495ac4e\MSVCR90.dll
0x76fc0000 - 0x76fc6000 	C:\WINDOWS\system32\rasadhlp.dll
0x02cf0000 - 0x02d48000 	C:\WINDOWS\system32\hnetcfg.dll
0x71a90000 - 0x71a98000 	C:\WINDOWS\System32\wshtcpip.dll
0x79d90000 - 0x7a01b000 	C:\Program Files\MATLAB\R2010b\sys\java\jre\win32\jre\bin\client\jvm.dll
0x76b40000 - 0x76b6d000 	C:\WINDOWS\system32\WINMM.dll
0x7c300000 - 0x7c356000 	C:\Program Files\MATLAB\R2010b\bin\win32\MSVCR71.dll
0x02d60000 - 0x02e01000 	C:\WINDOWS\system32\DBGHELP.dll
0x77c00000 - 0x77c08000 	C:\WINDOWS\system32\VERSION.dll
0x7a270000 - 0x7a27c000 	C:\Program Files\MATLAB\R2010b\sys\java\jre\win32\jre\bin\verify.dll
0x78d10000 - 0x78d2f000 	C:\Program Files\MATLAB\R2010b\sys\java\jre\win32\jre\bin\java.dll
0x7a250000 - 0x7a258000 	C:\Program Files\MATLAB\R2010b\sys\java\jre\win32\jre\bin\hpi.dll
0x7a280000 - 0x7a28f000 	C:\Program Files\MATLAB\R2010b\sys\java\jre\win32\jre\bin\zip.dll
0x79ba0000 - 0x79cea000 	C:\Program Files\MATLAB\R2010b\sys\java\jre\win32\jre\bin\awt.dll
0x78ca0000 - 0x78cba000 	C:\Program Files\MATLAB\R2010b\bin\win32\nativejava.dll
0x71b20000 - 0x71b32000 	C:\WINDOWS\system32\MPR.dll
0x78cc0000 - 0x78ce8000 	C:\Program Files\MATLAB\R2010b\bin\win32\nativejmi.dll
0x7b910000 - 0x7b916000 	C:\Program Files\MATLAB\R2010b\bin\win32\nativeservices.dll
0x7a300000 - 0x7a354000 	C:\Program Files\MATLAB\R2010b\sys\java\jre\win32\jre\bin\fontmanager.dll
0x78d30000 - 0x78d43000 	C:\Program Files\MATLAB\R2010b\sys\java\jre\win32\jre\bin\net.dll
0x7a260000 - 0x7a269000 	C:\Program Files\MATLAB\R2010b\sys\java\jre\win32\jre\bin\nio.dll
0x78370000 - 0x78378000 	C:\Program Files\MATLAB\R2010b\bin\win32\nativelmgr.dll
0x0bb50000 - 0x0bb74000 	C:\Program Files\MATLAB\R2010b\sys\java\jre\win32\jre\bin\jpeg.dll
0x0bb80000 - 0x0bbb6000 	C:\WINDOWS\system32\rsaenh.dll
0x769c0000 - 0x76a74000 	C:\WINDOWS\system32\USERENV.dll
0x78380000 - 0x78515000 	C:\Program Files\MATLAB\R2010b\bin\win32\instutil.dll
0x77b40000 - 0x77b62000 	C:\WINDOWS\system32\appHelp.dll
0x76fd0000 - 0x7704f000 	C:\WINDOWS\system32\CLBCATQ.DLL
0x77050000 - 0x77115000 	C:\WINDOWS\system32\COMRes.dll
0x49460000 - 0x4986b000 	C:\PROGRA~1\MI1933~1\Office14\GROOVEEX.DLL
0x0be40000 - 0x0bece000 	C:\WINDOWS\WinSxS\x86_Microsoft.VC90.CRT_1fc8b3b9a1e18e3b_9.0.30729.4148_x-ww_d495ac4e\MSVCP90.dll
0x0bed0000 - 0x0befb000 	C:\WINDOWS\WinSxS\x86_Microsoft.VC90.ATL_1fc8b3b9a1e18e3b_9.0.30729.4148_x-ww_353599c2\ATL90.DLL

VM Arguments:
jvm_args: -Xss512k -XX:PermSize=32m -Xms64m -XX:NewRatio=3 -XX:MaxPermSize=64m -Xmx128m -XX:MaxDirectMemorySize=1200000000 -Dsun.java2d.noddraw=true -Dsun.awt.nopixfmt=true -Xshare:off -Xrs -Dsun.awt.disableMixing=true -Djava.library.path=C:\Program Files\MATLAB\R2010b\bin\win32 vfprintf abort 
java_command: <unknown>
Launcher Type: generic

Environment Variables:
CLASSPATH=.;C:\Program Files\Java\jre6\lib\ext\QTJava.zip
PATH=C:\Program Files\MATLAB\R2010b\bin\win32;C:\Program Files\MATLAB\R2010b\bin\win32;C:\Program Files\MATLAB\R2010b\bin\win32;C:\Program Files\WinAVR\bin;C:\Program Files\WinAVR\utils\bin;C:\Program Files\Measurement Computing\DAQ\;C:\WINDOWS\system32;C:\WINDOWS;C:\WINDOWS\System32\Wbem;C:\Program Files\Intel\DMIX;C:\Program Files\ATI Technologies\ATI.ACE\Core-Static;c:\Program Files\Common Files\Roxio Shared\DLLShared\;c:\Program Files\Common Files\Roxio Shared\10.0\DLLShared\;C:\Program Files\QuickTime\QTSystem\;C:\Program Files\MATLAB\R2010b\runtime\win32;C:\Program Files\MATLAB\R2010b\bin;C:\Program Files\MATLAB\R2010a\runtime\win32;C:\Program Files\MATLAB\R2010a\bin;C:\Program Files\ffmpeg;C:\Program Files\Git\cmd;C:\Program Files\IVI Foundation\VISA\WinNT\Bin\;C:\Program Files\IVI Foundation\VISA\WinNT\Bin
USERNAME=Wilson Lab
OS=Windows_NT
PROCESSOR_IDENTIFIER=x86 Family 6 Model 23 Stepping 10, GenuineIntel



---------------  S Y S T E M  ---------------

OS: Windows XP Build 2600 Service Pack 3

CPU:total 2 (2 cores per cpu, 1 threads per core) family 6 model 23 stepping 10, cmov, cx8, fxsr, mmx, sse, sse2, sse3, ssse3, sse4.1

Memory: 4k page, physical 3405348k(1991844k free), swap 4194303k(3970548k free)

vm_info: Java HotSpot(TM) Client VM (14.3-b01) for windows-x86 JRE (1.6.0_17-b04), built on Oct 11 2009 00:52:06 by "java_re" with MS VC++ 7.1

time: Tue Apr 26 18:13:25 2011
elapsed time: 9765 seconds

