#
# An unexpected error has been detected by Java Runtime Environment:
#
#  EXCEPTION_ACCESS_VIOLATION (0xc0000005) at pc=0x79225c5f, pid=10136, tid=7756
#
# Java VM: Java HotSpot(TM) Client VM (10.0-b19 mixed mode windows-x86)
# Problematic frame:
# V  [jvm.dll+0x95c5f]
#
# If you would like to submit a bug report, please visit:
#   http://java.sun.com/webapps/bugreport/crash.jsp
#

---------------  T H R E A D  ---------------

Current thread (0x0508c800):  VMThread [stack: 0x09f40000,0x0a740000] [id=7756]

siginfo: ExceptionCode=0xc0000005, reading address 0x00000050

Registers:
EAX=0x0e5220f8, EBX=0x3084883c, ECX=0x0e5220f8, EDX=0x00000000
ESP=0x0a73fb38, EBP=0x00000000, ESI=0x0e51ea28, EDI=0x05016638
EIP=0x79225c5f, EFLAGS=0x00010246

Top of Stack: (sp=0x0a73fb38)
0x0a73fb38:   0e51ea28 0a73fbfc 3084884c 00000044
0x0a73fb48:   3084883c 00000000 05016638 79225df6
0x0a73fb58:   0e51ea28 3084884c 0a73fbfc 00000000
0x0a73fb68:   792291fd 3084884c 0a73fbfc 0a73fbfc
0x0a73fb78:   05016501 00800000 05017720 79321b50
0x0a73fb88:   0a73fbfc 05016500 7930380e 0a73fbfc
0x0a73fb98:   0a73fbfc 0a73fc28 05016500 79236fe1
0x0a73fba8:   00000000 00000001 0a73fbfc 0a73fc28 

Instructions: (pc=0x79225c5f)
0x79225c4f:   c1 ed 02 81 e5 fe ff ff 3f eb 0a 8b 10 56 8b c8
0x79225c5f:   ff 52 50 8b e8 8b 06 f6 d0 a8 01 8b 06 74 05 83 


Stack: [0x09f40000,0x0a740000],  sp=0x0a73fb38,  free space=8190k
Native frames: (J=compiled Java code, j=interpreted, Vv=VM code, C=native code)
V  [jvm.dll+0x95c5f]

[error occurred during error reporting (printing native stack), id 0xc0000005]

VM_Operation (0x0dc1f268): GenCollectForAllocation, mode: safepoint, requested by thread 0x0c12b800


---------------  P R O C E S S  ---------------

Java Threads: ( => current thread )
  0x0c3a9c00 JavaThread "Thread-576" [_thread_blocked, id=10572, stack(0x0f0e0000,0x0f160000)]
  0x0c3aa400 JavaThread "Image Fetcher 0" daemon [_thread_blocked, id=8892, stack(0x0f060000,0x0f0e0000)]
  0x0c3ad800 JavaThread "Thread-344" [_thread_blocked, id=10644, stack(0x0efe0000,0x0f060000)]
  0x0c3aec00 JavaThread "Thread-298" [_thread_in_native, id=11344, stack(0x0c840000,0x0c8c0000)]
  0x0c3ab000 JavaThread "Foxtrot Single Worker Thread #1" daemon [_thread_blocked, id=10196, stack(0x219c0000,0x21a40000)]
  0x0c3ab400 JavaThread "Thread-116" [_thread_blocked, id=8592, stack(0x0e6e0000,0x0e760000)]
  0x0c3ac400 JavaThread "Thread-101" [_thread_blocked, id=6924, stack(0x0e660000,0x0e6e0000)]
  0x0c3ad000 JavaThread "Timer-InstrumentReadWritePoll" [_thread_blocked, id=8960, stack(0x0e860000,0x0e8e0000)]
  0x0c3acc00 JavaThread "Thread-64" [_thread_in_native, id=8028, stack(0x25bf0000,0x263f0000)]
  0x0c3ab800 JavaThread "Prefs Updater" [_thread_blocked, id=9696, stack(0x0e8e0000,0x0e960000)]
  0x0c3aa800 JavaThread "Thread-16" [_thread_blocked, id=8724, stack(0x0e760000,0x0e7e0000)]
  0x0c3a9800 JavaThread "Thread-13" [_thread_blocked, id=8112, stack(0x0e3d0000,0x0e450000)]
  0x0c3a9000 JavaThread "Active Reference Queue Daemon" daemon [_thread_blocked, id=8588, stack(0x0ef00000,0x0ef80000)]
  0x0c3a8000 JavaThread "Timer-8" daemon [_thread_blocked, id=9192, stack(0x0ee80000,0x0ef00000)]
  0x0c3a8400 JavaThread "Timer-7" daemon [_thread_blocked, id=9908, stack(0x0e230000,0x0e2b0000)]
  0x0c3a7c00 JavaThread "Timer-1" [_thread_blocked, id=9096, stack(0x07c50000,0x07cd0000)]
  0x0c0f9400 JavaThread "TimerQueue" daemon [_thread_blocked, id=3092, stack(0x0dc20000,0x0dca0000)]
  0x0c12b800 JavaThread "AWT-EventQueue-0" [_thread_blocked, id=8392, stack(0x0dba0000,0x0dc20000)]
  0x0c0f3800 JavaThread "AWT-Windows" daemon [_thread_blocked, id=9132, stack(0x0c7c0000,0x0c840000)]
  0x0c08b000 JavaThread "AWT-Shutdown" [_thread_blocked, id=9140, stack(0x0c740000,0x0c7c0000)]
  0x0c087c00 JavaThread "Java2D Disposer" daemon [_thread_blocked, id=7228, stack(0x0c6c0000,0x0c740000)]
  0x0b8a0400 JavaThread "Timer-0" [_thread_blocked, id=5836, stack(0x0ba40000,0x0bac0000)]
  0x0b859c00 JavaThread "JMI Unnamed Thread" [_thread_in_native, id=9296, stack(0x051c0000,0x059c0000)]
  0x050ba400 JavaThread "Low Memory Detector" daemon [_thread_blocked, id=9724, stack(0x0afc0000,0x0b040000)]
  0x050b5c00 JavaThread "CompilerThread0" daemon [_thread_blocked, id=1940, stack(0x0a7c0000,0x0afc0000)]
  0x050ad000 JavaThread "Attach Listener" daemon [_thread_blocked, id=9664, stack(0x0a740000,0x0a7c0000)]
  0x05095c00 JavaThread "Finalizer" daemon [_thread_blocked, id=7392, stack(0x07400000,0x07480000)]
  0x05091800 JavaThread "Reference Handler" daemon [_thread_blocked, id=8156, stack(0x07380000,0x07400000)]
  0x05011c00 JavaThread "main" [_thread_in_native, id=9340, stack(0x00430000,0x00c30000)]

Other Threads:
=>0x0508c800 VMThread [stack: 0x09f40000,0x0a740000] [id=7756]
  0x050d5c00 WatcherThread [stack: 0x0b040000,0x0b840000] [id=9756]

VM state:at safepoint (normal execution)

VM Mutex/Monitor currently owned by a thread:  ([mutex/lock_event])
[0x05157188/0x000003f0] Threads_lock - owner thread: 0x0508c800
[0x05010ce0/0x00000430] Heap_lock - owner thread: 0x0c12b800

Heap
 def new generation   total 26560K, used 24821K [0x10010000, 0x11ce0000, 0x12010000)
  eden space 23616K, 100% used [0x10010000, 0x11720000, 0x11720000)
  from space 2944K,  40% used [0x11a00000, 0x11b2d648, 0x11ce0000)
  to   space 2944K,   0% used [0x11720000, 0x117218e0, 0x11a00000)
 tenured generation   total 88140K, used 67460K [0x12010000, 0x17623000, 0x18010000)
   the space 88140K,  76% used [0x12010000, 0x161f1250, 0x161f1400, 0x17623000)
 compacting perm gen  total 35328K, used 35122K [0x18010000, 0x1a290000, 0x1c010000)
   the space 35328K,  99% used [0x18010000, 0x1a25cb48, 0x1a25cc00, 0x1a290000)
No shared spaces configured.

Dynamic libraries:
0x00400000 - 0x0042f000 	C:\Program Files\MATLAB\R2009a\bin\win32\MATLAB.exe
0x77840000 - 0x7795e000 	C:\Windows\system32\ntdll.dll
0x779a0000 - 0x77a78000 	C:\Windows\system32\kernel32.dll
0x7b280000 - 0x7b34a000 	C:\Program Files\MATLAB\R2009a\bin\win32\libut.dll
0x77430000 - 0x77459000 	C:\Windows\system32\imagehlp.dll
0x76c30000 - 0x76cda000 	C:\Windows\system32\msvcrt.dll
0x77960000 - 0x77967000 	C:\Windows\system32\PSAPI.DLL
0x7bba0000 - 0x7bbbf000 	C:\Program Files\MATLAB\R2009a\bin\win32\LIBEXPAT.dll
0x753d0000 - 0x7546b000 	C:\Windows\WinSxS\x86_microsoft.vc80.crt_1fc8b3b9a1e18e3b_8.0.50727.4053_none_d08d7da0442a985d\MSVCR80.dll
0x7b6b0000 - 0x7b791000 	C:\Program Files\MATLAB\R2009a\bin\win32\icuuc38.dll
0x76ce0000 - 0x76d9f000 	C:\Windows\system32\ADVAPI32.dll
0x776e0000 - 0x777a3000 	C:\Windows\system32\RPCRT4.dll
0x7ad90000 - 0x7ad94000 	C:\Program Files\MATLAB\R2009a\bin\win32\icudt38.dll
0x7ada0000 - 0x7adac000 	C:\Program Files\MATLAB\R2009a\bin\win32\icuio38.dll
0x7afe0000 - 0x7b0c4000 	C:\Program Files\MATLAB\R2009a\bin\win32\icuin38.dll
0x73460000 - 0x734e7000 	C:\Windows\WinSxS\x86_microsoft.vc80.crt_1fc8b3b9a1e18e3b_8.0.50727.4053_none_d08d7da0442a985d\MSVCP80.dll
0x77390000 - 0x7742e000 	C:\Windows\system32\USER32.dll
0x76e20000 - 0x76e6b000 	C:\Windows\system32\GDI32.dll
0x782e0000 - 0x78317000 	C:\Program Files\MATLAB\R2009a\bin\win32\libmwfl.dll
0x10000000 - 0x1000e000 	C:\Program Files\MATLAB\R2009a\bin\win32\boost_date_time-vc80-mt-1_36.dll
0x000c0000 - 0x000d0000 	C:\Program Files\MATLAB\R2009a\bin\win32\boost_signals-vc80-mt-1_36.dll
0x000e0000 - 0x000e7000 	C:\Program Files\MATLAB\R2009a\bin\win32\boost_system-vc80-mt-1_36.dll
0x00100000 - 0x0010c000 	C:\Program Files\MATLAB\R2009a\bin\win32\boost_thread-vc80-mt-1_36.dll
0x7b3b0000 - 0x7b59a000 	C:\Program Files\MATLAB\R2009a\bin\win32\libmwservices.dll
0x7b350000 - 0x7b3aa000 	C:\Program Files\MATLAB\R2009a\bin\win32\libmx.dll
0x787a0000 - 0x787b3000 	C:\Program Files\MATLAB\R2009a\bin\win32\zlib1.dll
0x7b5a0000 - 0x7b6af000 	C:\Program Files\MATLAB\R2009a\bin\win32\libmwmathutil.dll
0x79510000 - 0x79543000 	C:\Program Files\MATLAB\R2009a\bin\win32\mpath.dll
0x00260000 - 0x0028f000 	C:\Program Files\MATLAB\R2009a\bin\win32\mlutil.dll
0x002a0000 - 0x002d9000 	C:\Program Files\MATLAB\R2009a\bin\win32\tbb.dll
0x73a50000 - 0x73ad6000 	C:\Windows\WinSxS\x86_microsoft.windows.common-controls_6595b64144ccf1df_5.82.6000.16386_none_87e0cb09378714f1\COMCTL32.dll
0x77310000 - 0x77384000 	C:\Windows\system32\comdlg32.dll
0x76da0000 - 0x76df5000 	C:\Windows\system32\SHLWAPI.dll
0x760e0000 - 0x76bae000 	C:\Windows\system32\SHELL32.dll
0x75cc0000 - 0x75d2a000 	C:\Windows\system32\NETAPI32.dll
0x76ec0000 - 0x76eed000 	C:\Windows\system32\WS2_32.dll
0x77980000 - 0x77986000 	C:\Windows\system32\NSI.dll
0x79a80000 - 0x79ad3000 	C:\Program Files\MATLAB\R2009a\bin\win32\mcr.dll
0x7adb0000 - 0x7adeb000 	C:\Program Files\MATLAB\R2009a\bin\win32\iqm.dll
0x7a080000 - 0x7a558000 	C:\Program Files\MATLAB\R2009a\bin\win32\m_interpreter.dll
0x7ae00000 - 0x7ae0c000 	C:\Program Files\MATLAB\R2009a\bin\win32\libmex.dll
0x79960000 - 0x799b7000 	C:\Program Files\MATLAB\R2009a\bin\win32\m_dispatcher.dll
0x78670000 - 0x7868c000 	C:\Program Files\MATLAB\R2009a\bin\win32\datasvcs.dll
0x78df0000 - 0x78fb2000 	C:\Program Files\MATLAB\R2009a\bin\win32\xerces-c_2_7.dll
0x00350000 - 0x003ed000 	C:\Program Files\MATLAB\R2009a\bin\win32\boost_regex-vc80-mt-1_36.dll
0x79870000 - 0x798c7000 	C:\Program Files\MATLAB\R2009a\bin\win32\profiler.dll
0x7ae60000 - 0x7ae7e000 	C:\Program Files\MATLAB\R2009a\bin\win32\libmwmathrng.dll
0x78720000 - 0x78732000 	C:\Program Files\MATLAB\R2009a\bin\win32\m_pcodeio.dll
0x794d0000 - 0x79507000 	C:\Program Files\MATLAB\R2009a\bin\win32\m_ir.dll
0x79b60000 - 0x7a077000 	C:\Program Files\MATLAB\R2009a\bin\win32\m_parser.dll
0x7adf0000 - 0x7adfe000 	C:\Program Files\MATLAB\R2009a\bin\win32\ir_xfmr.dll
0x78320000 - 0x78468000 	C:\Program Files\MATLAB\R2009a\bin\win32\mcos.dll
0x7aea0000 - 0x7aeaa000 	C:\Program Files\MATLAB\R2009a\bin\win32\mtok.dll
0x78700000 - 0x78716000 	C:\Program Files\MATLAB\R2009a\bin\win32\m_pcodegen.dll
0x78650000 - 0x7866b000 	C:\Program Files\MATLAB\R2009a\bin\win32\bridge.dll
0x7aae0000 - 0x7ab64000 	C:\Program Files\MATLAB\R2009a\bin\win32\udd.dll
0x7b7a0000 - 0x7b89b000 	C:\Program Files\MATLAB\R2009a\bin\win32\libmwgui.dll
0x78800000 - 0x789f1000 	C:\Program Files\MATLAB\R2009a\bin\win32\hg.dll
0x78690000 - 0x786b2000 	C:\Program Files\MATLAB\R2009a\bin\win32\libmat.dll
0x7b0d0000 - 0x7b275000 	C:\Program Files\MATLAB\R2009a\bin\win32\libhdf5.dll
0x793e0000 - 0x7941e000 	C:\Program Files\MATLAB\R2009a\bin\win32\jmi.dll
0x790f0000 - 0x7911c000 	C:\Program Files\MATLAB\R2009a\bin\win32\libmwhardcopy.dll
0x79490000 - 0x794c7000 	C:\Program Files\MATLAB\R2009a\bin\win32\libuij.dll
0x78d50000 - 0x78de5000 	C:\Program Files\MATLAB\R2009a\bin\win32\libmwmathlinalg.dll
0x78a60000 - 0x78d42000 	C:\Program Files\MATLAB\R2009a\bin\win32\libmwmathelem.dll
0x78a00000 - 0x78a52000 	C:\Program Files\MATLAB\R2009a\bin\win32\libmwmathcore.dll
0x798d0000 - 0x79917000 	C:\Program Files\MATLAB\R2009a\bin\win32\libmwcholmod.dll
0x7ae10000 - 0x7ae1a000 	C:\Program Files\MATLAB\R2009a\bin\win32\libmwamd.dll
0x7ae40000 - 0x7ae49000 	C:\Program Files\MATLAB\R2009a\bin\win32\libmwcolamd.dll
0x7ae30000 - 0x7ae3d000 	C:\Program Files\MATLAB\R2009a\bin\win32\libmwblas.dll
0x7ae20000 - 0x7ae2c000 	C:\Program Files\MATLAB\R2009a\bin\win32\libmwbinder.dll
0x786c0000 - 0x786f8000 	C:\Program Files\MATLAB\R2009a\bin\win32\libmwlapack.dll
0x01ce0000 - 0x01d15000 	C:\Program Files\MATLAB\R2009a\bin\win32\libmwrookfastbp.dll
0x79120000 - 0x7915c000 	C:\Program Files\MATLAB\R2009a\bin\win32\libmwma57.dll
0x7aef0000 - 0x7afd9000 	C:\Program Files\MATLAB\R2009a\bin\win32\libifcoremd.dll
0x79550000 - 0x79813000 	C:\Program Files\MATLAB\R2009a\bin\win32\libmmd.dll
0x7ae50000 - 0x7ae5c000 	C:\Program Files\MATLAB\R2009a\bin\win32\libmwcsparse.dll
0x79a20000 - 0x79a73000 	C:\Program Files\MATLAB\R2009a\bin\win32\libmwumfpack.dll
0x01d60000 - 0x01e07000 	C:\Program Files\MATLAB\R2009a\bin\win32\hgdatatypes.dll
0x7ab70000 - 0x7ad89000 	C:\Program Files\MATLAB\R2009a\bin\win32\uiw.dll
0x7aee0000 - 0x7aee9000 	C:\Program Files\MATLAB\R2009a\bin\win32\uinone.dll
0x01e40000 - 0x01f4f000 	C:\Windows\WinSxS\x86_microsoft.vc80.mfc_1fc8b3b9a1e18e3b_8.0.50727.762_none_0c178a139ee2a7ed\MFC80.DLL
0x73a00000 - 0x73a41000 	C:\Windows\system32\WINSPOOL.DRV
0x77540000 - 0x77684000 	C:\Windows\system32\ole32.dll
0x77020000 - 0x770ac000 	C:\Windows\system32\OLEAUT32.dll
0x79ae0000 - 0x79b55000 	C:\Program Files\MATLAB\R2009a\bin\win32\udd_mi.dll
0x78740000 - 0x78753000 	C:\Program Files\MATLAB\R2009a\bin\win32\mwoles05.DLL
0x79820000 - 0x79864000 	C:\Program Files\MATLAB\R2009a\bin\win32\comcli.dll
0x01f80000 - 0x01f9b000 	C:\Windows\WinSxS\x86_microsoft.vc80.atl_1fc8b3b9a1e18e3b_8.0.50727.4053_none_d1c738ec43578ea1\ATL80.DLL
0x7ae90000 - 0x7ae9b000 	C:\Program Files\MATLAB\R2009a\bin\win32\mlautoregister.dll
0x76e00000 - 0x76e1e000 	C:\Windows\system32\IMM32.DLL
0x77240000 - 0x77307000 	C:\Windows\system32\MSCTF.dll
0x77970000 - 0x77979000 	C:\Windows\system32\LPK.DLL
0x76bb0000 - 0x76c2d000 	C:\Windows\system32\USP10.dll
0x75130000 - 0x752c4000 	C:\Windows\WinSxS\x86_microsoft.windows.common-controls_6595b64144ccf1df_6.0.6000.16386_none_5d07289e07e1d100\comctl32.dll
0x02140000 - 0x0214e000 	C:\Windows\WinSxS\x86_microsoft.vc80.mfcloc_1fc8b3b9a1e18e3b_8.0.50727.762_none_43efccf17831d131\MFC80ENU.DLL
0x022d0000 - 0x022eb000 	C:\Windows\TEMP\logishrd\LVPrcInj01.dll
0x74b50000 - 0x74b8f000 	C:\Windows\system32\uxtheme.dll
0x01330000 - 0x0134c000 	C:\Program Files\Comcast\Desktop Doctor\bin\sprthook.dll
0x74800000 - 0x74838000 	C:\Windows\system32\OLEACC.dll
0x75f80000 - 0x75f94000 	C:\Windows\system32\Secur32.dll
0x01610000 - 0x016b4000 	C:\Program Files\Lenovo\Client Security Solution\tvtpwm_windows_hook.dll
0x016c0000 - 0x018c2000 	C:\Program Files\Lenovo\Client Security Solution\tvt_passwordmanager.dll
0x74eb0000 - 0x74eb9000 	C:\Windows\system32\WTSAPI32.dll
0x018d0000 - 0x01983000 	C:\Program Files\Lenovo\Client Security Solution\css_banner.dll
0x04270000 - 0x04445000 	C:\Program Files\Lenovo\Client Security Solution\csswait.dll
0x01990000 - 0x01a55000 	C:\Windows\system32\cssuserdatadispatcher.dll
0x757c0000 - 0x757c8000 	C:\Windows\system32\VERSION.dll
0x75a50000 - 0x75b41000 	C:\Windows\system32\CRYPT32.dll
0x75bb0000 - 0x75bc2000 	C:\Windows\system32\MSASN1.dll
0x75fa0000 - 0x75fbe000 	C:\Windows\system32\USERENV.dll
0x752d0000 - 0x752fd000 	C:\Windows\system32\WINTRUST.dll
0x04450000 - 0x04597000 	C:\Program Files\Lenovo\Client Security Solution\css_dlgcustompolicy.dll
0x01470000 - 0x014d0000 	C:\Windows\system32\tvttsp.dll
0x01a60000 - 0x01b02000 	C:\Windows\system32\tcsrpc.dll
0x754e0000 - 0x75518000 	C:\Windows\system32\rsaenh.dll
0x00070000 - 0x00080000 	C:\Program Files\Common Files\Lenovo\tvt_think_res.dll
0x04b00000 - 0x04ff8000 	C:\Program Files\Lenovo\Client Security Solution\css_think_res.dll
0x73370000 - 0x733d0000 	C:\Program Files\Common Files\microsoft shared\ink\tiptsf.dll
0x777b0000 - 0x77834000 	C:\Windows\system32\CLBCatQ.DLL
0x770b0000 - 0x77239000 	C:\Windows\system32\SETUPAPI.dll
0x75980000 - 0x75999000 	C:\Windows\system32\iphlpapi.dll
0x75940000 - 0x75975000 	C:\Windows\system32\dhcpcsvc.DLL
0x75bf0000 - 0x75c1b000 	C:\Windows\system32\DNSAPI.dll
0x75930000 - 0x75937000 	C:\Windows\system32\WINNSI.DLL
0x75910000 - 0x75930000 	C:\Windows\system32\dhcpcsvc6.DLL
0x718f0000 - 0x718f3000 	C:\Windows\system32\icmp.Dll
0x79190000 - 0x793e0000 	C:\Program Files\MATLAB\R2009a\sys\java\jre\win32\jre\bin\client\jvm.dll

VM Arguments:
jvm_args: -Xss512k -XX:PermSize=32m -Xms64m -XX:NewRatio=3 -XX:MaxPermSize=64m -Xmx128m -XX:MaxDirectMemorySize=1200000000 -Dsun.java2d.noddraw=true -Dsun.awt.nopixfmt=true -Xshare:off -Xrs -Djava.library.path=C:\Program Files\MATLAB\R2009a\bin\win32 vfprintf abort 
java_command: <unknown>
Launcher Type: generic

Environment Variables:
CLASSPATH=.;C:\Program Files\Java\jre6\lib\ext\QTJava.zip
PATH=C:\Program Files\MATLAB\R2009a\sys\java\jre\win32\jre\bin;C:\Program Files\MATLAB\R2009a\sys\webrenderer\windows\corecomponents;C:\Program Files\MATLAB\R2009a\sys\webrenderer\windows;C:\WinAVR-20090313\bin;C:\WinAVR-20090313\utils\bin;C:\Program Files\Measurement Computing\DAQ\;C:\Windows\system32;C:\Windows;C:\Windows\System32\Wbem;C:\Program Files\Common Files\Roxio Shared\DLLShared\;C:\Program Files\Common Files\Roxio Shared\DLLShared\;C:\Program Files\Common Files\Roxio Shared\9.0\DLLShared\;C:\Program Files\ThinkPad\ConnectUtilities;C:\Program Files\Common Files\Lenovo;C:\Program Files\Lenovo\Client Security Solution;C:\Program Files\MATLAB\R2009a\bin;C:\Program Files\MATLAB\R2009a\bin\win32;C:\Program Files\MATLAB\R2007b\bin;C:\Program Files\MATLAB\R2007b\bin\win32;C:\Program Files\Intel\Wireless\Bin\;C:\Program Files\IVI Foundation\IVI\bin;C:\Program Files\IVI Foundation\VISA\WinNT\Bin\;C:\PROGRA~1\IVIFOU~1\VISA\WinNT\Bin;C:\Program Files\IVI Foundation\VISA\WinNT\Bin;C:\Program Files\ffmpeg;C:\Program Files\Subversion\bin;C:\Program Files\Altium Designer S09 Viewer\System;C:\Program Files\QuickTime\QTSystem\
USERNAME=Joe
OS=Windows_NT
PROCESSOR_IDENTIFIER=x86 Family 6 Model 15 Stepping 11, GenuineIntel



---------------  S Y S T E M  ---------------

OS: Windows Vista Build 6000 

CPU:total 2 (2 cores per cpu, 1 threads per core) family 6 model 15 stepping 11, cmov, cx8, fxsr, mmx, sse, sse2, sse3, ssse3

Memory: 4k page, physical 3118784k(1358620k free), swap 4194303k(3695992k free)

vm_info: Java HotSpot(TM) Client VM (10.0-b19) for windows-x86 JRE (1.6.0_04-b12), built on Dec 14 2007 00:51:20 by "java_re" with MS VC++ 7.1

time: Sun Mar 21 16:08:06 2010
elapsed time: 6197 seconds

